{"/Users/hans/Desktop/lists/src/modules/data.js": {"path":"/Users/hans/Desktop/lists/src/modules/data.js","statementMap":{"0":{"start":{"line":1,"column":16},"end":{"line":1,"column":19}},"1":{"start":{"line":2,"column":14},"end":{"line":2,"column":16}},"2":{"start":{"line":4,"column":0},"end":{"line":4,"column":36}}},"fnMap":{},"branchMap":{},"s":{"0":1,"1":1,"2":1},"f":{},"b":{},"_coverageSchema":"1a1c01bbd47fc00a2c39e90264f33305004495a9","hash":"ad8698a1a646a2c3166667629a03fc11792a871c"}
,"/Users/hans/Desktop/lists/src/modules/helpers.js": {"path":"/Users/hans/Desktop/lists/src/modules/helpers.js","statementMap":{"0":{"start":{"line":1,"column":27},"end":{"line":1,"column":44}},"1":{"start":{"line":3,"column":22},"end":{"line":9,"column":1}},"2":{"start":{"line":11,"column":32},"end":{"line":14,"column":1}},"3":{"start":{"line":12,"column":27},"end":{"line":12,"column":48}},"4":{"start":{"line":13,"column":2},"end":{"line":13,"column":55}},"5":{"start":{"line":16,"column":33},"end":{"line":21,"column":1}},"6":{"start":{"line":17,"column":22},"end":{"line":17,"column":56}},"7":{"start":{"line":18,"column":2},"end":{"line":20,"column":3}},"8":{"start":{"line":19,"column":4},"end":{"line":19,"column":66}},"9":{"start":{"line":23,"column":25},"end":{"line":27,"column":1}},"10":{"start":{"line":24,"column":2},"end":{"line":24,"column":30}},"11":{"start":{"line":24,"column":21},"end":{"line":24,"column":30}},"12":{"start":{"line":25,"column":2},"end":{"line":25,"column":42}},"13":{"start":{"line":25,"column":23},"end":{"line":25,"column":40}},"14":{"start":{"line":26,"column":2},"end":{"line":26,"column":28}},"15":{"start":{"line":29,"column":30},"end":{"line":32,"column":1}},"16":{"start":{"line":30,"column":28},"end":{"line":30,"column":65}},"17":{"start":{"line":31,"column":2},"end":{"line":31,"column":35}},"18":{"start":{"line":34,"column":19},"end":{"line":44,"column":1}},"19":{"start":{"line":35,"column":2},"end":{"line":43,"column":3}},"20":{"start":{"line":36,"column":23},"end":{"line":36,"column":42}},"21":{"start":{"line":37,"column":21},"end":{"line":37,"column":37}},"22":{"start":{"line":38,"column":16},"end":{"line":38,"column":40}},"23":{"start":{"line":39,"column":17},"end":{"line":39,"column":65}},"24":{"start":{"line":39,"column":38},"end":{"line":39,"column":64}},"25":{"start":{"line":40,"column":4},"end":{"line":40,"column":22}},"26":{"start":{"line":40,"column":15},"end":{"line":40,"column":22}},"27":{"start":{"line":41,"column":4},"end":{"line":41,"column":32}},"28":{"start":{"line":42,"column":4},"end":{"line":42,"column":30}},"29":{"start":{"line":46,"column":26},"end":{"line":58,"column":1}},"30":{"start":{"line":48,"column":21},"end":{"line":48,"column":60}},"31":{"start":{"line":49,"column":2},"end":{"line":57,"column":5}},"32":{"start":{"line":50,"column":4},"end":{"line":50,"column":23}},"33":{"start":{"line":51,"column":4},"end":{"line":51,"column":39}},"34":{"start":{"line":52,"column":4},"end":{"line":52,"column":40}},"35":{"start":{"line":53,"column":4},"end":{"line":53,"column":65}},"36":{"start":{"line":54,"column":4},"end":{"line":54,"column":70}},"37":{"start":{"line":55,"column":4},"end":{"line":55,"column":70}},"38":{"start":{"line":56,"column":4},"end":{"line":56,"column":69}},"39":{"start":{"line":62,"column":28},"end":{"line":70,"column":1}},"40":{"start":{"line":63,"column":26},"end":{"line":63,"column":62}},"41":{"start":{"line":64,"column":21},"end":{"line":64,"column":48}},"42":{"start":{"line":65,"column":14},"end":{"line":65,"column":38}},"43":{"start":{"line":66,"column":2},"end":{"line":66,"column":27}},"44":{"start":{"line":67,"column":2},"end":{"line":67,"column":27}},"45":{"start":{"line":68,"column":2},"end":{"line":68,"column":22}},"46":{"start":{"line":69,"column":2},"end":{"line":69,"column":28}},"47":{"start":{"line":72,"column":23},"end":{"line":105,"column":1}},"48":{"start":{"line":74,"column":19},"end":{"line":74,"column":47}},"49":{"start":{"line":75,"column":2},"end":{"line":75,"column":43}},"50":{"start":{"line":76,"column":2},"end":{"line":76,"column":37}},"51":{"start":{"line":77,"column":2},"end":{"line":77,"column":38}},"52":{"start":{"line":78,"column":2},"end":{"line":78,"column":38}},"53":{"start":{"line":80,"column":22},"end":{"line":80,"column":51}},"54":{"start":{"line":81,"column":2},"end":{"line":81,"column":68}},"55":{"start":{"line":82,"column":2},"end":{"line":82,"column":38}},"56":{"start":{"line":83,"column":2},"end":{"line":85,"column":3}},"57":{"start":{"line":84,"column":4},"end":{"line":84,"column":40}},"58":{"start":{"line":86,"column":2},"end":{"line":86,"column":41}},"59":{"start":{"line":89,"column":19},"end":{"line":89,"column":50}},"60":{"start":{"line":90,"column":2},"end":{"line":90,"column":40}},"61":{"start":{"line":92,"column":24},"end":{"line":92,"column":53}},"62":{"start":{"line":93,"column":2},"end":{"line":93,"column":45}},"63":{"start":{"line":94,"column":2},"end":{"line":94,"column":43}},"64":{"start":{"line":95,"column":2},"end":{"line":95,"column":42}},"65":{"start":{"line":97,"column":2},"end":{"line":97,"column":36}},"66":{"start":{"line":98,"column":2},"end":{"line":98,"column":38}},"67":{"start":{"line":100,"column":2},"end":{"line":100,"column":36}},"68":{"start":{"line":101,"column":2},"end":{"line":101,"column":33}},"69":{"start":{"line":102,"column":2},"end":{"line":102,"column":38}},"70":{"start":{"line":104,"column":2},"end":{"line":104,"column":18}},"71":{"start":{"line":110,"column":28},"end":{"line":122,"column":1}},"72":{"start":{"line":112,"column":21},"end":{"line":112,"column":40}},"73":{"start":{"line":113,"column":2},"end":{"line":121,"column":4}},"74":{"start":{"line":114,"column":16},"end":{"line":114,"column":40}},"75":{"start":{"line":115,"column":4},"end":{"line":115,"column":46}},"76":{"start":{"line":117,"column":26},"end":{"line":117,"column":77}},"77":{"start":{"line":119,"column":4},"end":{"line":119,"column":69}},"78":{"start":{"line":120,"column":4},"end":{"line":120,"column":70}},"79":{"start":{"line":125,"column":29},"end":{"line":138,"column":1}},"80":{"start":{"line":127,"column":21},"end":{"line":127,"column":40}},"81":{"start":{"line":128,"column":2},"end":{"line":137,"column":5}},"82":{"start":{"line":129,"column":16},"end":{"line":129,"column":40}},"83":{"start":{"line":130,"column":4},"end":{"line":130,"column":43}},"84":{"start":{"line":132,"column":26},"end":{"line":132,"column":77}},"85":{"start":{"line":133,"column":4},"end":{"line":133,"column":44}},"86":{"start":{"line":134,"column":4},"end":{"line":134,"column":24}},"87":{"start":{"line":136,"column":4},"end":{"line":136,"column":72}},"88":{"start":{"line":141,"column":25},"end":{"line":153,"column":1}},"89":{"start":{"line":142,"column":21},"end":{"line":142,"column":25}},"90":{"start":{"line":143,"column":2},"end":{"line":147,"column":3}},"91":{"start":{"line":144,"column":4},"end":{"line":144,"column":28}},"92":{"start":{"line":146,"column":4},"end":{"line":146,"column":42}},"93":{"start":{"line":148,"column":14},"end":{"line":148,"column":40}},"94":{"start":{"line":149,"column":15},"end":{"line":149,"column":29}},"95":{"start":{"line":150,"column":2},"end":{"line":150,"column":35}},"96":{"start":{"line":151,"column":2},"end":{"line":151,"column":59}},"97":{"start":{"line":152,"column":2},"end":{"line":152,"column":28}},"98":{"start":{"line":156,"column":33},"end":{"line":159,"column":1}},"99":{"start":{"line":157,"column":22},"end":{"line":157,"column":59}},"100":{"start":{"line":158,"column":2},"end":{"line":158,"column":41}},"101":{"start":{"line":162,"column":24},"end":{"line":174,"column":1}},"102":{"start":{"line":163,"column":23},"end":{"line":163,"column":43}},"103":{"start":{"line":165,"column":28},"end":{"line":165,"column":65}},"104":{"start":{"line":166,"column":2},"end":{"line":166,"column":46}},"105":{"start":{"line":167,"column":2},"end":{"line":167,"column":36}},"106":{"start":{"line":168,"column":2},"end":{"line":168,"column":37}},"107":{"start":{"line":169,"column":2},"end":{"line":169,"column":41}},"108":{"start":{"line":171,"column":2},"end":{"line":173,"column":4}},"109":{"start":{"line":172,"column":4},"end":{"line":172,"column":48}},"110":{"start":{"line":176,"column":24},"end":{"line":183,"column":1}},"111":{"start":{"line":177,"column":2},"end":{"line":177,"column":29}},"112":{"start":{"line":178,"column":2},"end":{"line":181,"column":5}},"113":{"start":{"line":179,"column":4},"end":{"line":179,"column":23}},"114":{"start":{"line":180,"column":4},"end":{"line":180,"column":26}},"115":{"start":{"line":186,"column":31},"end":{"line":194,"column":1}},"116":{"start":{"line":187,"column":27},"end":{"line":187,"column":66}},"117":{"start":{"line":187,"column":50},"end":{"line":187,"column":65}},"118":{"start":{"line":188,"column":2},"end":{"line":188,"column":32}},"119":{"start":{"line":189,"column":2},"end":{"line":189,"column":34}},"120":{"start":{"line":190,"column":2},"end":{"line":190,"column":28}},"121":{"start":{"line":191,"column":2},"end":{"line":191,"column":32}},"122":{"start":{"line":192,"column":2},"end":{"line":192,"column":26}},"123":{"start":{"line":193,"column":2},"end":{"line":193,"column":20}},"124":{"start":{"line":198,"column":19},"end":{"line":214,"column":1}},"125":{"start":{"line":199,"column":22},"end":{"line":199,"column":57}},"126":{"start":{"line":200,"column":20},"end":{"line":200,"column":42}},"127":{"start":{"line":201,"column":2},"end":{"line":213,"column":3}},"128":{"start":{"line":202,"column":4},"end":{"line":202,"column":36}},"129":{"start":{"line":203,"column":4},"end":{"line":203,"column":20}},"130":{"start":{"line":204,"column":17},"end":{"line":208,"column":5}},"131":{"start":{"line":209,"column":4},"end":{"line":209,"column":27}},"132":{"start":{"line":210,"column":4},"end":{"line":210,"column":21}},"133":{"start":{"line":211,"column":4},"end":{"line":211,"column":30}},"134":{"start":{"line":212,"column":4},"end":{"line":212,"column":26}},"135":{"start":{"line":216,"column":0},"end":{"line":228,"column":2}}},"fnMap":{"0":{"name":"(anonymous_0)","decl":{"start":{"line":11,"column":32},"end":{"line":11,"column":33}},"loc":{"start":{"line":11,"column":38},"end":{"line":14,"column":1}},"line":11},"1":{"name":"(anonymous_1)","decl":{"start":{"line":16,"column":33},"end":{"line":16,"column":34}},"loc":{"start":{"line":16,"column":39},"end":{"line":21,"column":1}},"line":16},"2":{"name":"(anonymous_2)","decl":{"start":{"line":23,"column":25},"end":{"line":23,"column":26}},"loc":{"start":{"line":23,"column":31},"end":{"line":27,"column":1}},"line":23},"3":{"name":"(anonymous_3)","decl":{"start":{"line":25,"column":13},"end":{"line":25,"column":14}},"loc":{"start":{"line":25,"column":23},"end":{"line":25,"column":40}},"line":25},"4":{"name":"(anonymous_4)","decl":{"start":{"line":29,"column":30},"end":{"line":29,"column":31}},"loc":{"start":{"line":29,"column":36},"end":{"line":32,"column":1}},"line":29},"5":{"name":"(anonymous_5)","decl":{"start":{"line":34,"column":19},"end":{"line":34,"column":20}},"loc":{"start":{"line":34,"column":32},"end":{"line":44,"column":1}},"line":34},"6":{"name":"(anonymous_6)","decl":{"start":{"line":39,"column":28},"end":{"line":39,"column":29}},"loc":{"start":{"line":39,"column":38},"end":{"line":39,"column":64}},"line":39},"7":{"name":"(anonymous_7)","decl":{"start":{"line":46,"column":26},"end":{"line":46,"column":27}},"loc":{"start":{"line":46,"column":32},"end":{"line":58,"column":1}},"line":46},"8":{"name":"(anonymous_8)","decl":{"start":{"line":49,"column":16},"end":{"line":49,"column":17}},"loc":{"start":{"line":49,"column":29},"end":{"line":57,"column":3}},"line":49},"9":{"name":"(anonymous_9)","decl":{"start":{"line":62,"column":28},"end":{"line":62,"column":29}},"loc":{"start":{"line":62,"column":35},"end":{"line":70,"column":1}},"line":62},"10":{"name":"(anonymous_10)","decl":{"start":{"line":72,"column":23},"end":{"line":72,"column":24}},"loc":{"start":{"line":72,"column":33},"end":{"line":105,"column":1}},"line":72},"11":{"name":"(anonymous_11)","decl":{"start":{"line":110,"column":28},"end":{"line":110,"column":29}},"loc":{"start":{"line":110,"column":41},"end":{"line":122,"column":1}},"line":110},"12":{"name":"(anonymous_12)","decl":{"start":{"line":113,"column":23},"end":{"line":113,"column":24}},"loc":{"start":{"line":113,"column":29},"end":{"line":121,"column":3}},"line":113},"13":{"name":"(anonymous_13)","decl":{"start":{"line":125,"column":29},"end":{"line":125,"column":30}},"loc":{"start":{"line":125,"column":42},"end":{"line":138,"column":1}},"line":125},"14":{"name":"(anonymous_14)","decl":{"start":{"line":128,"column":42},"end":{"line":128,"column":43}},"loc":{"start":{"line":128,"column":48},"end":{"line":137,"column":3}},"line":128},"15":{"name":"(anonymous_15)","decl":{"start":{"line":141,"column":25},"end":{"line":141,"column":26}},"loc":{"start":{"line":141,"column":32},"end":{"line":153,"column":1}},"line":141},"16":{"name":"(anonymous_16)","decl":{"start":{"line":156,"column":33},"end":{"line":156,"column":34}},"loc":{"start":{"line":156,"column":51},"end":{"line":159,"column":1}},"line":156},"17":{"name":"(anonymous_17)","decl":{"start":{"line":162,"column":24},"end":{"line":162,"column":25}},"loc":{"start":{"line":162,"column":34},"end":{"line":174,"column":1}},"line":162},"18":{"name":"(anonymous_18)","decl":{"start":{"line":171,"column":29},"end":{"line":171,"column":30}},"loc":{"start":{"line":171,"column":37},"end":{"line":173,"column":3}},"line":171},"19":{"name":"(anonymous_19)","decl":{"start":{"line":176,"column":24},"end":{"line":176,"column":25}},"loc":{"start":{"line":176,"column":30},"end":{"line":183,"column":1}},"line":176},"20":{"name":"(anonymous_20)","decl":{"start":{"line":178,"column":16},"end":{"line":178,"column":17}},"loc":{"start":{"line":178,"column":29},"end":{"line":181,"column":3}},"line":178},"21":{"name":"(anonymous_21)","decl":{"start":{"line":186,"column":31},"end":{"line":186,"column":32}},"loc":{"start":{"line":186,"column":37},"end":{"line":194,"column":1}},"line":186},"22":{"name":"(anonymous_22)","decl":{"start":{"line":187,"column":40},"end":{"line":187,"column":41}},"loc":{"start":{"line":187,"column":50},"end":{"line":187,"column":65}},"line":187},"23":{"name":"(anonymous_23)","decl":{"start":{"line":198,"column":19},"end":{"line":198,"column":20}},"loc":{"start":{"line":198,"column":30},"end":{"line":214,"column":1}},"line":198}},"branchMap":{"0":{"loc":{"start":{"line":18,"column":2},"end":{"line":20,"column":3}},"type":"if","locations":[{"start":{"line":18,"column":2},"end":{"line":20,"column":3}},{"start":{},"end":{}}],"line":18},"1":{"loc":{"start":{"line":24,"column":2},"end":{"line":24,"column":30}},"type":"if","locations":[{"start":{"line":24,"column":2},"end":{"line":24,"column":30}},{"start":{},"end":{}}],"line":24},"2":{"loc":{"start":{"line":35,"column":2},"end":{"line":43,"column":3}},"type":"if","locations":[{"start":{"line":35,"column":2},"end":{"line":43,"column":3}},{"start":{},"end":{}}],"line":35},"3":{"loc":{"start":{"line":40,"column":4},"end":{"line":40,"column":22}},"type":"if","locations":[{"start":{"line":40,"column":4},"end":{"line":40,"column":22}},{"start":{},"end":{}}],"line":40},"4":{"loc":{"start":{"line":83,"column":2},"end":{"line":85,"column":3}},"type":"if","locations":[{"start":{"line":83,"column":2},"end":{"line":85,"column":3}},{"start":{},"end":{}}],"line":83},"5":{"loc":{"start":{"line":143,"column":2},"end":{"line":147,"column":3}},"type":"if","locations":[{"start":{"line":143,"column":2},"end":{"line":147,"column":3}},{"start":{"line":145,"column":9},"end":{"line":147,"column":3}}],"line":143},"6":{"loc":{"start":{"line":201,"column":2},"end":{"line":213,"column":3}},"type":"if","locations":[{"start":{"line":201,"column":2},"end":{"line":213,"column":3}},{"start":{},"end":{}}],"line":201},"7":{"loc":{"start":{"line":201,"column":6},"end":{"line":201,"column":59}},"type":"binary-expr","locations":[{"start":{"line":201,"column":6},"end":{"line":201,"column":34}},{"start":{"line":201,"column":38},"end":{"line":201,"column":59}}],"line":201}},"s":{"0":1,"1":1,"2":1,"3":1,"4":1,"5":1,"6":0,"7":0,"8":0,"9":1,"10":1,"11":1,"12":0,"13":0,"14":0,"15":1,"16":0,"17":0,"18":1,"19":0,"20":0,"21":0,"22":0,"23":0,"24":0,"25":0,"26":0,"27":0,"28":0,"29":1,"30":0,"31":0,"32":0,"33":0,"34":0,"35":0,"36":0,"37":0,"38":0,"39":1,"40":0,"41":0,"42":0,"43":0,"44":0,"45":0,"46":0,"47":1,"48":1,"49":1,"50":1,"51":1,"52":1,"53":1,"54":1,"55":1,"56":1,"57":0,"58":1,"59":1,"60":1,"61":1,"62":1,"63":1,"64":1,"65":1,"66":1,"67":1,"68":1,"69":1,"70":1,"71":1,"72":1,"73":1,"74":0,"75":0,"76":0,"77":0,"78":0,"79":1,"80":1,"81":1,"82":0,"83":0,"84":0,"85":0,"86":0,"87":0,"88":1,"89":0,"90":0,"91":0,"92":0,"93":0,"94":0,"95":0,"96":0,"97":0,"98":1,"99":1,"100":1,"101":1,"102":1,"103":1,"104":1,"105":1,"106":1,"107":1,"108":1,"109":0,"110":1,"111":0,"112":0,"113":0,"114":0,"115":1,"116":0,"117":0,"118":0,"119":0,"120":0,"121":0,"122":0,"123":0,"124":1,"125":1,"126":1,"127":1,"128":1,"129":1,"130":1,"131":1,"132":1,"133":1,"134":1,"135":1},"f":{"0":1,"1":0,"2":1,"3":0,"4":0,"5":0,"6":0,"7":0,"8":0,"9":0,"10":1,"11":1,"12":0,"13":1,"14":0,"15":0,"16":1,"17":1,"18":0,"19":0,"20":0,"21":0,"22":0,"23":1},"b":{"0":[0,0],"1":[1,0],"2":[0,0],"3":[0,0],"4":[0,1],"5":[0,0],"6":[1,0],"7":[1,0]},"_coverageSchema":"1a1c01bbd47fc00a2c39e90264f33305004495a9","hash":"2e8fd78b3fb805d4d1175a7b85c6314cb3bebd1a"}
}
