{"/Users/hans/Desktop/lists/src/modules/data.js": {"path":"/Users/hans/Desktop/lists/src/modules/data.js","statementMap":{"0":{"start":{"line":1,"column":16},"end":{"line":1,"column":19}},"1":{"start":{"line":2,"column":14},"end":{"line":2,"column":16}},"2":{"start":{"line":4,"column":0},"end":{"line":4,"column":36}}},"fnMap":{},"branchMap":{},"s":{"0":1,"1":1,"2":1},"f":{},"b":{},"_coverageSchema":"1a1c01bbd47fc00a2c39e90264f33305004495a9","hash":"ad8698a1a646a2c3166667629a03fc11792a871c"}
,"/Users/hans/Desktop/lists/src/modules/helpers.js": {"path":"/Users/hans/Desktop/lists/src/modules/helpers.js","statementMap":{"0":{"start":{"line":1,"column":27},"end":{"line":1,"column":44}},"1":{"start":{"line":4,"column":26},"end":{"line":4,"column":63}},"2":{"start":{"line":5,"column":20},"end":{"line":5,"column":55}},"3":{"start":{"line":7,"column":22},"end":{"line":13,"column":1}},"4":{"start":{"line":15,"column":32},"end":{"line":18,"column":1}},"5":{"start":{"line":16,"column":27},"end":{"line":16,"column":48}},"6":{"start":{"line":17,"column":2},"end":{"line":17,"column":55}},"7":{"start":{"line":20,"column":33},"end":{"line":25,"column":1}},"8":{"start":{"line":21,"column":22},"end":{"line":21,"column":56}},"9":{"start":{"line":22,"column":2},"end":{"line":24,"column":3}},"10":{"start":{"line":23,"column":4},"end":{"line":23,"column":66}},"11":{"start":{"line":27,"column":25},"end":{"line":31,"column":1}},"12":{"start":{"line":28,"column":2},"end":{"line":28,"column":30}},"13":{"start":{"line":28,"column":21},"end":{"line":28,"column":30}},"14":{"start":{"line":29,"column":2},"end":{"line":29,"column":42}},"15":{"start":{"line":29,"column":23},"end":{"line":29,"column":40}},"16":{"start":{"line":30,"column":2},"end":{"line":30,"column":28}},"17":{"start":{"line":33,"column":30},"end":{"line":36,"column":1}},"18":{"start":{"line":34,"column":28},"end":{"line":34,"column":65}},"19":{"start":{"line":35,"column":2},"end":{"line":35,"column":35}},"20":{"start":{"line":38,"column":19},"end":{"line":48,"column":1}},"21":{"start":{"line":39,"column":2},"end":{"line":47,"column":3}},"22":{"start":{"line":40,"column":23},"end":{"line":40,"column":42}},"23":{"start":{"line":41,"column":21},"end":{"line":41,"column":37}},"24":{"start":{"line":42,"column":16},"end":{"line":42,"column":40}},"25":{"start":{"line":43,"column":17},"end":{"line":43,"column":65}},"26":{"start":{"line":43,"column":38},"end":{"line":43,"column":64}},"27":{"start":{"line":44,"column":4},"end":{"line":44,"column":22}},"28":{"start":{"line":44,"column":15},"end":{"line":44,"column":22}},"29":{"start":{"line":45,"column":4},"end":{"line":45,"column":32}},"30":{"start":{"line":46,"column":4},"end":{"line":46,"column":30}},"31":{"start":{"line":50,"column":26},"end":{"line":62,"column":1}},"32":{"start":{"line":52,"column":21},"end":{"line":52,"column":60}},"33":{"start":{"line":53,"column":2},"end":{"line":61,"column":5}},"34":{"start":{"line":54,"column":4},"end":{"line":54,"column":23}},"35":{"start":{"line":55,"column":4},"end":{"line":55,"column":39}},"36":{"start":{"line":56,"column":4},"end":{"line":56,"column":40}},"37":{"start":{"line":57,"column":4},"end":{"line":57,"column":65}},"38":{"start":{"line":58,"column":4},"end":{"line":58,"column":70}},"39":{"start":{"line":59,"column":4},"end":{"line":59,"column":70}},"40":{"start":{"line":60,"column":4},"end":{"line":60,"column":69}},"41":{"start":{"line":66,"column":28},"end":{"line":74,"column":1}},"42":{"start":{"line":67,"column":26},"end":{"line":67,"column":62}},"43":{"start":{"line":68,"column":21},"end":{"line":68,"column":48}},"44":{"start":{"line":69,"column":14},"end":{"line":69,"column":38}},"45":{"start":{"line":70,"column":2},"end":{"line":70,"column":27}},"46":{"start":{"line":71,"column":2},"end":{"line":71,"column":27}},"47":{"start":{"line":72,"column":2},"end":{"line":72,"column":22}},"48":{"start":{"line":73,"column":2},"end":{"line":73,"column":28}},"49":{"start":{"line":76,"column":23},"end":{"line":109,"column":1}},"50":{"start":{"line":78,"column":19},"end":{"line":78,"column":47}},"51":{"start":{"line":79,"column":2},"end":{"line":79,"column":43}},"52":{"start":{"line":80,"column":2},"end":{"line":80,"column":37}},"53":{"start":{"line":81,"column":2},"end":{"line":81,"column":38}},"54":{"start":{"line":82,"column":2},"end":{"line":82,"column":38}},"55":{"start":{"line":84,"column":22},"end":{"line":84,"column":51}},"56":{"start":{"line":85,"column":2},"end":{"line":85,"column":68}},"57":{"start":{"line":86,"column":2},"end":{"line":86,"column":38}},"58":{"start":{"line":87,"column":2},"end":{"line":89,"column":3}},"59":{"start":{"line":88,"column":4},"end":{"line":88,"column":40}},"60":{"start":{"line":90,"column":2},"end":{"line":90,"column":41}},"61":{"start":{"line":93,"column":19},"end":{"line":93,"column":50}},"62":{"start":{"line":94,"column":2},"end":{"line":94,"column":40}},"63":{"start":{"line":96,"column":24},"end":{"line":96,"column":53}},"64":{"start":{"line":97,"column":2},"end":{"line":97,"column":45}},"65":{"start":{"line":98,"column":2},"end":{"line":98,"column":43}},"66":{"start":{"line":99,"column":2},"end":{"line":99,"column":42}},"67":{"start":{"line":101,"column":2},"end":{"line":101,"column":36}},"68":{"start":{"line":102,"column":2},"end":{"line":102,"column":38}},"69":{"start":{"line":104,"column":2},"end":{"line":104,"column":36}},"70":{"start":{"line":105,"column":2},"end":{"line":105,"column":33}},"71":{"start":{"line":106,"column":2},"end":{"line":106,"column":38}},"72":{"start":{"line":108,"column":2},"end":{"line":108,"column":18}},"73":{"start":{"line":114,"column":28},"end":{"line":126,"column":1}},"74":{"start":{"line":116,"column":21},"end":{"line":116,"column":40}},"75":{"start":{"line":117,"column":2},"end":{"line":125,"column":4}},"76":{"start":{"line":118,"column":16},"end":{"line":118,"column":40}},"77":{"start":{"line":119,"column":4},"end":{"line":119,"column":46}},"78":{"start":{"line":121,"column":26},"end":{"line":121,"column":77}},"79":{"start":{"line":123,"column":4},"end":{"line":123,"column":69}},"80":{"start":{"line":124,"column":4},"end":{"line":124,"column":70}},"81":{"start":{"line":129,"column":29},"end":{"line":142,"column":1}},"82":{"start":{"line":131,"column":21},"end":{"line":131,"column":40}},"83":{"start":{"line":132,"column":2},"end":{"line":141,"column":5}},"84":{"start":{"line":133,"column":16},"end":{"line":133,"column":40}},"85":{"start":{"line":134,"column":4},"end":{"line":134,"column":43}},"86":{"start":{"line":136,"column":26},"end":{"line":136,"column":77}},"87":{"start":{"line":137,"column":4},"end":{"line":137,"column":44}},"88":{"start":{"line":138,"column":4},"end":{"line":138,"column":24}},"89":{"start":{"line":140,"column":4},"end":{"line":140,"column":72}},"90":{"start":{"line":145,"column":25},"end":{"line":157,"column":1}},"91":{"start":{"line":146,"column":21},"end":{"line":146,"column":25}},"92":{"start":{"line":147,"column":2},"end":{"line":151,"column":3}},"93":{"start":{"line":148,"column":4},"end":{"line":148,"column":28}},"94":{"start":{"line":150,"column":4},"end":{"line":150,"column":42}},"95":{"start":{"line":152,"column":14},"end":{"line":152,"column":40}},"96":{"start":{"line":153,"column":15},"end":{"line":153,"column":29}},"97":{"start":{"line":154,"column":2},"end":{"line":154,"column":35}},"98":{"start":{"line":155,"column":2},"end":{"line":155,"column":59}},"99":{"start":{"line":156,"column":2},"end":{"line":156,"column":28}},"100":{"start":{"line":160,"column":33},"end":{"line":163,"column":1}},"101":{"start":{"line":161,"column":22},"end":{"line":161,"column":59}},"102":{"start":{"line":162,"column":2},"end":{"line":162,"column":41}},"103":{"start":{"line":166,"column":24},"end":{"line":176,"column":1}},"104":{"start":{"line":167,"column":23},"end":{"line":167,"column":43}},"105":{"start":{"line":168,"column":2},"end":{"line":168,"column":46}},"106":{"start":{"line":169,"column":2},"end":{"line":169,"column":36}},"107":{"start":{"line":170,"column":2},"end":{"line":170,"column":37}},"108":{"start":{"line":171,"column":2},"end":{"line":171,"column":41}},"109":{"start":{"line":173,"column":2},"end":{"line":175,"column":4}},"110":{"start":{"line":174,"column":4},"end":{"line":174,"column":48}},"111":{"start":{"line":178,"column":24},"end":{"line":185,"column":1}},"112":{"start":{"line":179,"column":2},"end":{"line":179,"column":29}},"113":{"start":{"line":180,"column":2},"end":{"line":183,"column":5}},"114":{"start":{"line":181,"column":4},"end":{"line":181,"column":23}},"115":{"start":{"line":182,"column":4},"end":{"line":182,"column":26}},"116":{"start":{"line":188,"column":31},"end":{"line":196,"column":1}},"117":{"start":{"line":189,"column":27},"end":{"line":189,"column":66}},"118":{"start":{"line":189,"column":50},"end":{"line":189,"column":65}},"119":{"start":{"line":190,"column":2},"end":{"line":190,"column":32}},"120":{"start":{"line":191,"column":2},"end":{"line":191,"column":34}},"121":{"start":{"line":192,"column":2},"end":{"line":192,"column":28}},"122":{"start":{"line":193,"column":2},"end":{"line":193,"column":32}},"123":{"start":{"line":194,"column":2},"end":{"line":194,"column":26}},"124":{"start":{"line":195,"column":2},"end":{"line":195,"column":20}},"125":{"start":{"line":200,"column":19},"end":{"line":215,"column":1}},"126":{"start":{"line":201,"column":20},"end":{"line":201,"column":42}},"127":{"start":{"line":202,"column":2},"end":{"line":214,"column":3}},"128":{"start":{"line":203,"column":4},"end":{"line":203,"column":36}},"129":{"start":{"line":204,"column":4},"end":{"line":204,"column":20}},"130":{"start":{"line":205,"column":17},"end":{"line":209,"column":5}},"131":{"start":{"line":210,"column":4},"end":{"line":210,"column":27}},"132":{"start":{"line":211,"column":4},"end":{"line":211,"column":21}},"133":{"start":{"line":212,"column":4},"end":{"line":212,"column":30}},"134":{"start":{"line":213,"column":4},"end":{"line":213,"column":26}},"135":{"start":{"line":217,"column":0},"end":{"line":227,"column":2}}},"fnMap":{"0":{"name":"(anonymous_0)","decl":{"start":{"line":15,"column":32},"end":{"line":15,"column":33}},"loc":{"start":{"line":15,"column":38},"end":{"line":18,"column":1}},"line":15},"1":{"name":"(anonymous_1)","decl":{"start":{"line":20,"column":33},"end":{"line":20,"column":34}},"loc":{"start":{"line":20,"column":39},"end":{"line":25,"column":1}},"line":20},"2":{"name":"(anonymous_2)","decl":{"start":{"line":27,"column":25},"end":{"line":27,"column":26}},"loc":{"start":{"line":27,"column":31},"end":{"line":31,"column":1}},"line":27},"3":{"name":"(anonymous_3)","decl":{"start":{"line":29,"column":13},"end":{"line":29,"column":14}},"loc":{"start":{"line":29,"column":23},"end":{"line":29,"column":40}},"line":29},"4":{"name":"(anonymous_4)","decl":{"start":{"line":33,"column":30},"end":{"line":33,"column":31}},"loc":{"start":{"line":33,"column":36},"end":{"line":36,"column":1}},"line":33},"5":{"name":"(anonymous_5)","decl":{"start":{"line":38,"column":19},"end":{"line":38,"column":20}},"loc":{"start":{"line":38,"column":32},"end":{"line":48,"column":1}},"line":38},"6":{"name":"(anonymous_6)","decl":{"start":{"line":43,"column":28},"end":{"line":43,"column":29}},"loc":{"start":{"line":43,"column":38},"end":{"line":43,"column":64}},"line":43},"7":{"name":"(anonymous_7)","decl":{"start":{"line":50,"column":26},"end":{"line":50,"column":27}},"loc":{"start":{"line":50,"column":32},"end":{"line":62,"column":1}},"line":50},"8":{"name":"(anonymous_8)","decl":{"start":{"line":53,"column":16},"end":{"line":53,"column":17}},"loc":{"start":{"line":53,"column":29},"end":{"line":61,"column":3}},"line":53},"9":{"name":"(anonymous_9)","decl":{"start":{"line":66,"column":28},"end":{"line":66,"column":29}},"loc":{"start":{"line":66,"column":35},"end":{"line":74,"column":1}},"line":66},"10":{"name":"(anonymous_10)","decl":{"start":{"line":76,"column":23},"end":{"line":76,"column":24}},"loc":{"start":{"line":76,"column":33},"end":{"line":109,"column":1}},"line":76},"11":{"name":"(anonymous_11)","decl":{"start":{"line":114,"column":28},"end":{"line":114,"column":29}},"loc":{"start":{"line":114,"column":41},"end":{"line":126,"column":1}},"line":114},"12":{"name":"(anonymous_12)","decl":{"start":{"line":117,"column":23},"end":{"line":117,"column":24}},"loc":{"start":{"line":117,"column":29},"end":{"line":125,"column":3}},"line":117},"13":{"name":"(anonymous_13)","decl":{"start":{"line":129,"column":29},"end":{"line":129,"column":30}},"loc":{"start":{"line":129,"column":42},"end":{"line":142,"column":1}},"line":129},"14":{"name":"(anonymous_14)","decl":{"start":{"line":132,"column":42},"end":{"line":132,"column":43}},"loc":{"start":{"line":132,"column":48},"end":{"line":141,"column":3}},"line":132},"15":{"name":"(anonymous_15)","decl":{"start":{"line":145,"column":25},"end":{"line":145,"column":26}},"loc":{"start":{"line":145,"column":32},"end":{"line":157,"column":1}},"line":145},"16":{"name":"(anonymous_16)","decl":{"start":{"line":160,"column":33},"end":{"line":160,"column":34}},"loc":{"start":{"line":160,"column":51},"end":{"line":163,"column":1}},"line":160},"17":{"name":"(anonymous_17)","decl":{"start":{"line":166,"column":24},"end":{"line":166,"column":25}},"loc":{"start":{"line":166,"column":34},"end":{"line":176,"column":1}},"line":166},"18":{"name":"(anonymous_18)","decl":{"start":{"line":173,"column":29},"end":{"line":173,"column":30}},"loc":{"start":{"line":173,"column":37},"end":{"line":175,"column":3}},"line":173},"19":{"name":"(anonymous_19)","decl":{"start":{"line":178,"column":24},"end":{"line":178,"column":25}},"loc":{"start":{"line":178,"column":30},"end":{"line":185,"column":1}},"line":178},"20":{"name":"(anonymous_20)","decl":{"start":{"line":180,"column":16},"end":{"line":180,"column":17}},"loc":{"start":{"line":180,"column":29},"end":{"line":183,"column":3}},"line":180},"21":{"name":"(anonymous_21)","decl":{"start":{"line":188,"column":31},"end":{"line":188,"column":32}},"loc":{"start":{"line":188,"column":37},"end":{"line":196,"column":1}},"line":188},"22":{"name":"(anonymous_22)","decl":{"start":{"line":189,"column":40},"end":{"line":189,"column":41}},"loc":{"start":{"line":189,"column":50},"end":{"line":189,"column":65}},"line":189},"23":{"name":"(anonymous_23)","decl":{"start":{"line":200,"column":19},"end":{"line":200,"column":20}},"loc":{"start":{"line":200,"column":30},"end":{"line":215,"column":1}},"line":200}},"branchMap":{"0":{"loc":{"start":{"line":22,"column":2},"end":{"line":24,"column":3}},"type":"if","locations":[{"start":{"line":22,"column":2},"end":{"line":24,"column":3}},{"start":{},"end":{}}],"line":22},"1":{"loc":{"start":{"line":28,"column":2},"end":{"line":28,"column":30}},"type":"if","locations":[{"start":{"line":28,"column":2},"end":{"line":28,"column":30}},{"start":{},"end":{}}],"line":28},"2":{"loc":{"start":{"line":39,"column":2},"end":{"line":47,"column":3}},"type":"if","locations":[{"start":{"line":39,"column":2},"end":{"line":47,"column":3}},{"start":{},"end":{}}],"line":39},"3":{"loc":{"start":{"line":44,"column":4},"end":{"line":44,"column":22}},"type":"if","locations":[{"start":{"line":44,"column":4},"end":{"line":44,"column":22}},{"start":{},"end":{}}],"line":44},"4":{"loc":{"start":{"line":87,"column":2},"end":{"line":89,"column":3}},"type":"if","locations":[{"start":{"line":87,"column":2},"end":{"line":89,"column":3}},{"start":{},"end":{}}],"line":87},"5":{"loc":{"start":{"line":147,"column":2},"end":{"line":151,"column":3}},"type":"if","locations":[{"start":{"line":147,"column":2},"end":{"line":151,"column":3}},{"start":{"line":149,"column":9},"end":{"line":151,"column":3}}],"line":147},"6":{"loc":{"start":{"line":202,"column":2},"end":{"line":214,"column":3}},"type":"if","locations":[{"start":{"line":202,"column":2},"end":{"line":214,"column":3}},{"start":{},"end":{}}],"line":202},"7":{"loc":{"start":{"line":202,"column":6},"end":{"line":202,"column":59}},"type":"binary-expr","locations":[{"start":{"line":202,"column":6},"end":{"line":202,"column":34}},{"start":{"line":202,"column":38},"end":{"line":202,"column":59}}],"line":202}},"s":{"0":1,"1":1,"2":1,"3":1,"4":1,"5":0,"6":0,"7":1,"8":0,"9":0,"10":0,"11":1,"12":0,"13":0,"14":0,"15":0,"16":0,"17":1,"18":0,"19":0,"20":1,"21":0,"22":0,"23":0,"24":0,"25":0,"26":0,"27":0,"28":0,"29":0,"30":0,"31":1,"32":0,"33":0,"34":0,"35":0,"36":0,"37":0,"38":0,"39":0,"40":0,"41":1,"42":0,"43":0,"44":0,"45":0,"46":0,"47":0,"48":0,"49":1,"50":0,"51":0,"52":0,"53":0,"54":0,"55":0,"56":0,"57":0,"58":0,"59":0,"60":0,"61":0,"62":0,"63":0,"64":0,"65":0,"66":0,"67":0,"68":0,"69":0,"70":0,"71":0,"72":0,"73":1,"74":0,"75":0,"76":0,"77":0,"78":0,"79":0,"80":0,"81":1,"82":0,"83":0,"84":0,"85":0,"86":0,"87":0,"88":0,"89":0,"90":1,"91":0,"92":0,"93":0,"94":0,"95":0,"96":0,"97":0,"98":0,"99":0,"100":1,"101":0,"102":0,"103":1,"104":0,"105":0,"106":0,"107":0,"108":0,"109":0,"110":0,"111":1,"112":0,"113":0,"114":0,"115":0,"116":1,"117":0,"118":0,"119":0,"120":0,"121":0,"122":0,"123":0,"124":0,"125":1,"126":0,"127":0,"128":0,"129":0,"130":0,"131":0,"132":0,"133":0,"134":0,"135":1},"f":{"0":0,"1":0,"2":0,"3":0,"4":0,"5":0,"6":0,"7":0,"8":0,"9":0,"10":0,"11":0,"12":0,"13":0,"14":0,"15":0,"16":0,"17":0,"18":0,"19":0,"20":0,"21":0,"22":0,"23":0},"b":{"0":[0,0],"1":[0,0],"2":[0,0],"3":[0,0],"4":[0,0],"5":[0,0],"6":[0,0],"7":[0,0]},"_coverageSchema":"1a1c01bbd47fc00a2c39e90264f33305004495a9","hash":"d284f0f85e308564f23b4ab0ec5e1ee7c50f1687"}
}
