TN:
SF:src/modules/data.js
FNF:0
FNH:0
DA:1,1
DA:2,1
DA:4,1
LF:3
LH:3
BRF:0
BRH:0
end_of_record
TN:
SF:src/modules/helpers.js
FN:11,(anonymous_0)
FN:16,(anonymous_1)
FN:23,(anonymous_2)
FN:25,(anonymous_3)
FN:29,(anonymous_4)
FN:34,(anonymous_5)
FN:39,(anonymous_6)
FN:46,(anonymous_7)
FN:49,(anonymous_8)
FN:62,(anonymous_9)
FN:72,(anonymous_10)
FN:110,(anonymous_11)
FN:113,(anonymous_12)
FN:125,(anonymous_13)
FN:128,(anonymous_14)
FN:141,(anonymous_15)
FN:156,(anonymous_16)
FN:162,(anonymous_17)
FN:171,(anonymous_18)
FN:176,(anonymous_19)
FN:178,(anonymous_20)
FN:186,(anonymous_21)
FN:187,(anonymous_22)
FN:198,(anonymous_23)
FNF:24
FNH:10
FNDA:9,(anonymous_0)
FNDA:0,(anonymous_1)
FNDA:6,(anonymous_2)
FNDA:0,(anonymous_3)
FNDA:0,(anonymous_4)
FNDA:0,(anonymous_5)
FNDA:0,(anonymous_6)
FNDA:3,(anonymous_7)
FNDA:0,(anonymous_8)
FNDA:3,(anonymous_9)
FNDA:6,(anonymous_10)
FNDA:6,(anonymous_11)
FNDA:0,(anonymous_12)
FNDA:6,(anonymous_13)
FNDA:0,(anonymous_14)
FNDA:0,(anonymous_15)
FNDA:6,(anonymous_16)
FNDA:6,(anonymous_17)
FNDA:0,(anonymous_18)
FNDA:0,(anonymous_19)
FNDA:0,(anonymous_20)
FNDA:0,(anonymous_21)
FNDA:0,(anonymous_22)
FNDA:6,(anonymous_23)
DA:1,1
DA:3,1
DA:11,1
DA:12,9
DA:13,9
DA:16,1
DA:17,0
DA:18,0
DA:19,0
DA:23,1
DA:24,6
DA:25,0
DA:26,0
DA:29,1
DA:30,0
DA:31,0
DA:34,1
DA:35,0
DA:36,0
DA:37,0
DA:38,0
DA:39,0
DA:40,0
DA:41,0
DA:42,0
DA:46,1
DA:48,3
DA:49,3
DA:50,0
DA:51,0
DA:52,0
DA:53,0
DA:54,0
DA:55,0
DA:56,0
DA:62,1
DA:63,3
DA:64,3
DA:65,3
DA:66,3
DA:67,3
DA:68,3
DA:69,3
DA:72,1
DA:74,6
DA:75,6
DA:76,6
DA:77,6
DA:78,6
DA:80,6
DA:81,6
DA:82,6
DA:83,6
DA:84,0
DA:86,6
DA:89,6
DA:90,6
DA:92,6
DA:93,6
DA:94,6
DA:95,6
DA:97,6
DA:98,6
DA:100,6
DA:101,6
DA:102,6
DA:104,6
DA:110,1
DA:112,6
DA:113,6
DA:114,0
DA:115,0
DA:117,0
DA:119,0
DA:120,0
DA:125,1
DA:127,6
DA:128,6
DA:129,0
DA:130,0
DA:132,0
DA:133,0
DA:134,0
DA:136,0
DA:141,1
DA:142,0
DA:143,0
DA:144,0
DA:146,0
DA:148,0
DA:149,0
DA:150,0
DA:151,0
DA:152,0
DA:156,1
DA:157,6
DA:158,6
DA:162,1
DA:163,6
DA:165,6
DA:166,6
DA:167,6
DA:168,6
DA:169,6
DA:171,6
DA:172,0
DA:176,1
DA:177,0
DA:178,0
DA:179,0
DA:180,0
DA:186,1
DA:187,0
DA:188,0
DA:189,0
DA:190,0
DA:191,0
DA:192,0
DA:193,0
DA:198,1
DA:199,6
DA:200,6
DA:201,6
DA:202,6
DA:203,6
DA:204,6
DA:209,6
DA:210,6
DA:211,6
DA:212,6
DA:216,1
LF:131
LH:76
BRDA:18,0,0,0
BRDA:18,0,1,0
BRDA:24,1,0,6
BRDA:24,1,1,0
BRDA:35,2,0,0
BRDA:35,2,1,0
BRDA:40,3,0,0
BRDA:40,3,1,0
BRDA:83,4,0,0
BRDA:83,4,1,6
BRDA:143,5,0,0
BRDA:143,5,1,0
BRDA:201,6,0,6
BRDA:201,6,1,0
BRDA:201,7,0,6
BRDA:201,7,1,0
BRF:16
BRH:4
end_of_record
